<?xml version="1.0" encoding="UTF-8"?>
<!-- Generated by org.testng.reporters.JUnitXMLReporter -->
<testsuite ignored="3" hostname="DESKTOP-QVM6J4J" failures="1" tests="4" name="Test" time="37.602" errors="0" timestamp="2023-01-21T20:53:26 IST">
  <testcase classname="com.LoginTest.Test_1" name="verify_loginTest" time="0.466"/>
  <testcase classname="com.LoginTest.Test_2" name="verify_loginTestValid" time="0.407"/>
  <testcase classname="com.LoginTest.Test_3" name="VerifyHomepageTest" time="0.01"/>
  <testcase classname="com.LoginTest.Test_4" name="test4" time="0.023">
    <failure type="java.lang.NullPointerException">
      <![CDATA[java.lang.NullPointerException
at org.openqa.selenium.support.ui.Select.<init>(Select.java:46)
at com.Utility.Library.Custom_HandleDropDown(Library.java:37)
at com.LoginTest.Test_4.test4(Test_4.java:21)
at java.base/java.util.ArrayList.forEach(ArrayList.java:1540)
... Removed 27 stack frames]]>
    </failure>
  </testcase> <!-- test4 -->
  <testcase classname="com.Utility.BaseClass" name="@BeforeSuite ConfigrationSetup" time="0.0">
    <ignored/>
  </testcase> <!-- @BeforeSuite ConfigrationSetup -->
  <testcase classname="com.Utility.BaseClass" name="@BeforeSuite ConfigrationSetup" time="0.0">
    <ignored/>
  </testcase> <!-- @BeforeSuite ConfigrationSetup -->
  <testcase classname="com.Utility.BaseClass" name="@BeforeSuite ConfigrationSetup" time="0.0">
    <ignored/>
  </testcase> <!-- @BeforeSuite ConfigrationSetup -->
</testsuite> <!-- Test -->
