<?xml version="1.0" encoding="UTF-8"?>
<testng-results ignored="3" total="7" passed="3" failed="1" skipped="0">
  <reporter-output>
  </reporter-output>
  <suite started-at="2023-01-21T20:52:49 IST" name="Suite" finished-at="2023-01-21T20:53:26 IST" duration-ms="37602">
    <groups>
    </groups>
    <test started-at="2023-01-21T20:52:49 IST" name="Test" finished-at="2023-01-21T20:53:26 IST" duration-ms="37602">
      <class name="com.LoginTest.Test_3">
        <test-method is-config="true" signature="setUp(java.lang.String)[pri:0, instance:com.LoginTest.Test_3@673be18f]" started-at="2023-01-21T20:53:19 IST" name="setUp" finished-at="2023-01-21T20:53:22 IST" duration-ms="3021" status="PASS">
          <params>
            <param index="0">
              <value>
                <![CDATA[Chrome]]>
              </value>
            </param>
          </params>
          <reporter-output>
          </reporter-output>
        </test-method> <!-- setUp -->
        <test-method signature="VerifyHomepageTest()[pri:0, instance:com.LoginTest.Test_3@673be18f]" started-at="2023-01-21T20:53:22 IST" name="VerifyHomepageTest" finished-at="2023-01-21T20:53:22 IST" duration-ms="10" status="PASS">
          <reporter-output>
          </reporter-output>
        </test-method> <!-- VerifyHomepageTest -->
        <test-method is-config="true" signature="tearDown()[pri:0, instance:com.LoginTest.Test_3@673be18f]" started-at="2023-01-21T20:53:22 IST" name="tearDown" finished-at="2023-01-21T20:53:22 IST" duration-ms="161" status="PASS">
          <reporter-output>
          </reporter-output>
        </test-method> <!-- tearDown -->
      </class> <!-- com.LoginTest.Test_3 -->
      <class name="com.LoginTest.Test_4">
        <test-method is-config="true" signature="setUp(java.lang.String)[pri:0, instance:com.LoginTest.Test_4@6581dc0a]" started-at="2023-01-21T20:53:22 IST" name="setUp" finished-at="2023-01-21T20:53:26 IST" duration-ms="3603" status="PASS">
          <params>
            <param index="0">
              <value>
                <![CDATA[Chrome]]>
              </value>
            </param>
          </params>
          <reporter-output>
          </reporter-output>
        </test-method> <!-- setUp -->
        <test-method signature="test4()[pri:0, instance:com.LoginTest.Test_4@6581dc0a]" started-at="2023-01-21T20:53:26 IST" name="test4" finished-at="2023-01-21T20:53:26 IST" duration-ms="23" status="FAIL">
          <exception class="java.lang.NullPointerException">
            <full-stacktrace>
              <![CDATA[java.lang.NullPointerException
at org.openqa.selenium.support.ui.Select.<init>(Select.java:46)
at com.Utility.Library.Custom_HandleDropDown(Library.java:37)
at com.LoginTest.Test_4.test4(Test_4.java:21)
at java.base/jdk.internal.reflect.NativeMethodAccessorImpl.invoke0(Native Method)
at java.base/jdk.internal.reflect.NativeMethodAccessorImpl.invoke(NativeMethodAccessorImpl.java:62)
at java.base/jdk.internal.reflect.DelegatingMethodAccessorImpl.invoke(DelegatingMethodAccessorImpl.java:43)
at java.base/java.lang.reflect.Method.invoke(Method.java:566)
at org.testng.internal.MethodInvocationHelper.invokeMethod(MethodInvocationHelper.java:133)
at org.testng.internal.TestInvoker.invokeMethod(TestInvoker.java:598)
at org.testng.internal.TestInvoker.invokeTestMethod(TestInvoker.java:173)
at org.testng.internal.MethodRunner.runInSequence(MethodRunner.java:46)
at org.testng.internal.TestInvoker$MethodInvocationAgent.invoke(TestInvoker.java:824)
at org.testng.internal.TestInvoker.invokeTestMethods(TestInvoker.java:146)
at org.testng.internal.TestMethodWorker.invokeTestMethods(TestMethodWorker.java:146)
at org.testng.internal.TestMethodWorker.run(TestMethodWorker.java:128)
at java.base/java.util.ArrayList.forEach(ArrayList.java:1540)
at org.testng.TestRunner.privateRun(TestRunner.java:794)
at org.testng.TestRunner.run(TestRunner.java:596)
at org.testng.SuiteRunner.runTest(SuiteRunner.java:377)
at org.testng.SuiteRunner.runSequentially(SuiteRunner.java:371)
at org.testng.SuiteRunner.privateRun(SuiteRunner.java:332)
at org.testng.SuiteRunner.run(SuiteRunner.java:276)
at org.testng.SuiteRunnerWorker.runSuite(SuiteRunnerWorker.java:53)
at org.testng.SuiteRunnerWorker.run(SuiteRunnerWorker.java:96)
at org.testng.TestNG.runSuitesSequentially(TestNG.java:1212)
at org.testng.TestNG.runSuitesLocally(TestNG.java:1134)
at org.testng.TestNG.runSuites(TestNG.java:1063)
at org.testng.TestNG.run(TestNG.java:1031)
at org.testng.remote.AbstractRemoteTestNG.run(AbstractRemoteTestNG.java:115)
at org.testng.remote.RemoteTestNG.initAndRun(RemoteTestNG.java:251)
at org.testng.remote.RemoteTestNG.main(RemoteTestNG.java:77)
]]>
            </full-stacktrace>
          </exception> <!-- java.lang.NullPointerException -->
          <reporter-output>
          </reporter-output>
        </test-method> <!-- test4 -->
        <test-method is-config="true" signature="tearDown()[pri:0, instance:com.LoginTest.Test_4@6581dc0a]" started-at="2023-01-21T20:53:26 IST" name="tearDown" finished-at="2023-01-21T20:53:26 IST" duration-ms="181" status="PASS">
          <reporter-output>
          </reporter-output>
        </test-method> <!-- tearDown -->
      </class> <!-- com.LoginTest.Test_4 -->
      <class name="com.LoginTest.Test_1">
        <test-method is-config="true" signature="ConfigrationSetup()[pri:0, instance:com.LoginTest.Test_1@30e868be]" started-at="2023-01-21T20:52:48 IST" name="ConfigrationSetup" finished-at="2023-01-21T20:52:49 IST" duration-ms="928" status="PASS">
          <reporter-output>
          </reporter-output>
        </test-method> <!-- ConfigrationSetup -->
        <test-method is-config="true" signature="setUp(java.lang.String)[pri:0, instance:com.LoginTest.Test_1@30e868be]" started-at="2023-01-21T20:52:49 IST" name="setUp" finished-at="2023-01-21T20:52:54 IST" duration-ms="5078" status="PASS">
          <params>
            <param index="0">
              <value>
                <![CDATA[Chrome]]>
              </value>
            </param>
          </params>
          <reporter-output>
          </reporter-output>
        </test-method> <!-- setUp -->
        <test-method signature="verify_loginTest()[pri:0, instance:com.LoginTest.Test_1@30e868be]" started-at="2023-01-21T20:52:54 IST" name="verify_loginTest" finished-at="2023-01-21T20:52:54 IST" duration-ms="466" status="PASS">
          <reporter-output>
          </reporter-output>
        </test-method> <!-- verify_loginTest -->
        <test-method is-config="true" signature="tearDown()[pri:0, instance:com.LoginTest.Test_1@30e868be]" started-at="2023-01-21T20:52:55 IST" name="tearDown" finished-at="2023-01-21T20:52:56 IST" duration-ms="269" status="PASS">
          <reporter-output>
          </reporter-output>
        </test-method> <!-- tearDown -->
      </class> <!-- com.LoginTest.Test_1 -->
      <class name="com.LoginTest.Test_2">
        <test-method is-config="true" signature="setUp(java.lang.String)[pri:0, instance:com.LoginTest.Test_2@1e097d59]" started-at="2023-01-21T20:52:56 IST" name="setUp" finished-at="2023-01-21T20:52:59 IST" duration-ms="3696" status="PASS">
          <params>
            <param index="0">
              <value>
                <![CDATA[Chrome]]>
              </value>
            </param>
          </params>
          <reporter-output>
          </reporter-output>
        </test-method> <!-- setUp -->
        <test-method signature="verify_loginTestValid()[pri:0, instance:com.LoginTest.Test_2@1e097d59]" started-at="2023-01-21T20:52:59 IST" name="verify_loginTestValid" finished-at="2023-01-21T20:53:00 IST" duration-ms="407" status="PASS">
          <reporter-output>
          </reporter-output>
        </test-method> <!-- verify_loginTestValid -->
        <test-method is-config="true" signature="tearDown()[pri:0, instance:com.LoginTest.Test_2@1e097d59]" started-at="2023-01-21T20:53:19 IST" name="tearDown" finished-at="2023-01-21T20:53:19 IST" duration-ms="146" status="PASS">
          <reporter-output>
          </reporter-output>
        </test-method> <!-- tearDown -->
      </class> <!-- com.LoginTest.Test_2 -->
    </test> <!-- Test -->
  </suite> <!-- Suite -->
</testng-results>
