<?xml version="1.0" encoding="UTF-8"?>
<testng-results ignored="0" total="1" passed="1" failed="0" skipped="0">
  <reporter-output>
  </reporter-output>
  <suite started-at="2023-01-22T16:38:06 IST" name="Suite" finished-at="2023-01-22T16:38:52 IST" duration-ms="46086">
    <groups>
    </groups>
    <test started-at="2023-01-22T16:38:06 IST" name="Test" finished-at="2023-01-22T16:38:52 IST" duration-ms="46086">
      <class name="com.RegistrationTest.VerifyRegistrationTest">
        <test-method is-config="true" signature="ConfigrationSetup()[pri:0, instance:com.RegistrationTest.VerifyRegistrationTest@56928307]" started-at="2023-01-22T16:38:05 IST" name="ConfigrationSetup" finished-at="2023-01-22T16:38:06 IST" duration-ms="1076" status="PASS">
          <reporter-output>
          </reporter-output>
        </test-method> <!-- ConfigrationSetup -->
        <test-method is-config="true" signature="setUp(java.lang.String)[pri:0, instance:com.RegistrationTest.VerifyRegistrationTest@56928307]" started-at="2023-01-22T16:38:06 IST" name="setUp" finished-at="2023-01-22T16:38:51 IST" duration-ms="45379" status="PASS">
          <params>
            <param index="0">
              <value>
                <![CDATA[Chrome]]>
              </value>
            </param>
          </params>
          <reporter-output>
          </reporter-output>
        </test-method> <!-- setUp -->
        <test-method signature="Tc_001_Verify_Registration_Page_functionality()[pri:0, instance:com.RegistrationTest.VerifyRegistrationTest@56928307]" started-at="2023-01-22T16:38:51 IST" name="Tc_001_Verify_Registration_Page_functionality" finished-at="2023-01-22T16:38:51 IST" duration-ms="299" status="PASS">
          <reporter-output>
          </reporter-output>
        </test-method> <!-- Tc_001_Verify_Registration_Page_functionality -->
        <test-method is-config="true" signature="tearDown()[pri:0, instance:com.RegistrationTest.VerifyRegistrationTest@56928307]" started-at="2023-01-22T16:38:52 IST" name="tearDown" finished-at="2023-01-22T16:38:52 IST" duration-ms="204" status="PASS">
          <reporter-output>
          </reporter-output>
        </test-method> <!-- tearDown -->
      </class> <!-- com.RegistrationTest.VerifyRegistrationTest -->
    </test> <!-- Test -->
  </suite> <!-- Suite -->
</testng-results>
